{"/Users/jeroenvanhattem/On Air/Code/Assessment/tic-tac-toe/src/redux/store.ts": {"path":"/Users/jeroenvanhattem/On Air/Code/Assessment/tic-tac-toe/src/redux/store.ts","all":false,"statementMap":{"0":{"start":{"line":1,"column":0},"end":{"line":1,"column":50}},"1":{"start":{"line":2,"column":0},"end":{"line":2,"column":41}},"2":{"start":{"line":3,"column":0},"end":{"line":3,"column":0}},"3":{"start":{"line":4,"column":0},"end":{"line":4,"column":37}},"4":{"start":{"line":5,"column":0},"end":{"line":5,"column":22}},"5":{"start":{"line":6,"column":0},"end":{"line":6,"column":3}}},"s":{"0":1,"1":1,"2":1,"3":1,"4":1,"5":1},"branchMap":{"0":{"type":"branch","line":6,"loc":{"start":{"line":6,"column":1},"end":{"line":6,"column":3}},"locations":[{"start":{"line":6,"column":1},"end":{"line":6,"column":3}}]}},"b":{"0":[2]},"fnMap":{"0":{"name":"get","decl":{"start":{"line":6,"column":1},"end":{"line":6,"column":3}},"loc":{"start":{"line":6,"column":1},"end":{"line":6,"column":3}},"line":6}},"f":{"0":2}}
,"/Users/jeroenvanhattem/On Air/Code/Assessment/tic-tac-toe/src/redux/types.ts": {"path":"/Users/jeroenvanhattem/On Air/Code/Assessment/tic-tac-toe/src/redux/types.ts","all":false,"statementMap":{"0":{"start":{"line":1,"column":0},"end":{"line":1,"column":51}},"1":{"start":{"line":2,"column":0},"end":{"line":2,"column":45}},"2":{"start":{"line":3,"column":0},"end":{"line":3,"column":39}},"3":{"start":{"line":4,"column":0},"end":{"line":4,"column":39}},"4":{"start":{"line":5,"column":0},"end":{"line":5,"column":35}},"5":{"start":{"line":6,"column":0},"end":{"line":6,"column":33}},"6":{"start":{"line":7,"column":0},"end":{"line":7,"column":37}},"7":{"start":{"line":8,"column":0},"end":{"line":8,"column":53}},"8":{"start":{"line":9,"column":0},"end":{"line":9,"column":43}},"9":{"start":{"line":10,"column":0},"end":{"line":10,"column":35}},"10":{"start":{"line":11,"column":0},"end":{"line":11,"column":39}}},"s":{"0":1,"1":1,"2":1,"3":1,"4":1,"5":1,"6":1,"7":1,"8":1,"9":1,"10":1},"branchMap":{"0":{"type":"branch","line":1,"loc":{"start":{"line":1,"column":32},"end":{"line":1,"column":51}},"locations":[{"start":{"line":1,"column":32},"end":{"line":1,"column":51}}]},"1":{"type":"branch","line":2,"loc":{"start":{"line":2,"column":29},"end":{"line":2,"column":45}},"locations":[{"start":{"line":2,"column":29},"end":{"line":2,"column":45}}]},"2":{"type":"branch","line":3,"loc":{"start":{"line":3,"column":26},"end":{"line":3,"column":39}},"locations":[{"start":{"line":3,"column":26},"end":{"line":3,"column":39}}]},"3":{"type":"branch","line":4,"loc":{"start":{"line":4,"column":26},"end":{"line":4,"column":39}},"locations":[{"start":{"line":4,"column":26},"end":{"line":4,"column":39}}]},"4":{"type":"branch","line":5,"loc":{"start":{"line":5,"column":24},"end":{"line":5,"column":35}},"locations":[{"start":{"line":5,"column":24},"end":{"line":5,"column":35}}]},"5":{"type":"branch","line":6,"loc":{"start":{"line":6,"column":23},"end":{"line":6,"column":33}},"locations":[{"start":{"line":6,"column":23},"end":{"line":6,"column":33}}]},"6":{"type":"branch","line":7,"loc":{"start":{"line":7,"column":25},"end":{"line":7,"column":37}},"locations":[{"start":{"line":7,"column":25},"end":{"line":7,"column":37}}]},"7":{"type":"branch","line":8,"loc":{"start":{"line":8,"column":33},"end":{"line":8,"column":53}},"locations":[{"start":{"line":8,"column":33},"end":{"line":8,"column":53}}]},"8":{"type":"branch","line":9,"loc":{"start":{"line":9,"column":28},"end":{"line":9,"column":43}},"locations":[{"start":{"line":9,"column":28},"end":{"line":9,"column":43}}]},"9":{"type":"branch","line":10,"loc":{"start":{"line":10,"column":24},"end":{"line":10,"column":35}},"locations":[{"start":{"line":10,"column":24},"end":{"line":10,"column":35}}]},"10":{"type":"branch","line":11,"loc":{"start":{"line":11,"column":26},"end":{"line":11,"column":39}},"locations":[{"start":{"line":11,"column":26},"end":{"line":11,"column":39}}]}},"b":{"0":[4],"1":[4],"2":[3],"3":[4],"4":[4],"5":[3],"6":[4],"7":[4],"8":[3],"9":[3],"10":[3]},"fnMap":{"0":{"name":"get","decl":{"start":{"line":1,"column":32},"end":{"line":1,"column":51}},"loc":{"start":{"line":1,"column":32},"end":{"line":1,"column":51}},"line":1},"1":{"name":"get","decl":{"start":{"line":2,"column":29},"end":{"line":2,"column":45}},"loc":{"start":{"line":2,"column":29},"end":{"line":2,"column":45}},"line":2},"2":{"name":"get","decl":{"start":{"line":3,"column":26},"end":{"line":3,"column":39}},"loc":{"start":{"line":3,"column":26},"end":{"line":3,"column":39}},"line":3},"3":{"name":"get","decl":{"start":{"line":4,"column":26},"end":{"line":4,"column":39}},"loc":{"start":{"line":4,"column":26},"end":{"line":4,"column":39}},"line":4},"4":{"name":"get","decl":{"start":{"line":5,"column":24},"end":{"line":5,"column":35}},"loc":{"start":{"line":5,"column":24},"end":{"line":5,"column":35}},"line":5},"5":{"name":"get","decl":{"start":{"line":6,"column":23},"end":{"line":6,"column":33}},"loc":{"start":{"line":6,"column":23},"end":{"line":6,"column":33}},"line":6},"6":{"name":"get","decl":{"start":{"line":7,"column":25},"end":{"line":7,"column":37}},"loc":{"start":{"line":7,"column":25},"end":{"line":7,"column":37}},"line":7},"7":{"name":"get","decl":{"start":{"line":8,"column":33},"end":{"line":8,"column":53}},"loc":{"start":{"line":8,"column":33},"end":{"line":8,"column":53}},"line":8},"8":{"name":"get","decl":{"start":{"line":9,"column":28},"end":{"line":9,"column":43}},"loc":{"start":{"line":9,"column":28},"end":{"line":9,"column":43}},"line":9},"9":{"name":"get","decl":{"start":{"line":10,"column":24},"end":{"line":10,"column":35}},"loc":{"start":{"line":10,"column":24},"end":{"line":10,"column":35}},"line":10},"10":{"name":"get","decl":{"start":{"line":11,"column":26},"end":{"line":11,"column":39}},"loc":{"start":{"line":11,"column":26},"end":{"line":11,"column":39}},"line":11}},"f":{"0":4,"1":4,"2":3,"3":4,"4":4,"5":3,"6":4,"7":4,"8":3,"9":3,"10":3}}
,"/Users/jeroenvanhattem/On Air/Code/Assessment/tic-tac-toe/src/redux/reducers/board.ts": {"path":"/Users/jeroenvanhattem/On Air/Code/Assessment/tic-tac-toe/src/redux/reducers/board.ts","all":false,"statementMap":{"0":{"start":{"line":1,"column":0},"end":{"line":1,"column":30}},"1":{"start":{"line":2,"column":0},"end":{"line":2,"column":0}},"2":{"start":{"line":3,"column":0},"end":{"line":3,"column":22}},"3":{"start":{"line":4,"column":0},"end":{"line":4,"column":13}},"4":{"start":{"line":5,"column":0},"end":{"line":5,"column":2}},"5":{"start":{"line":6,"column":0},"end":{"line":6,"column":0}},"6":{"start":{"line":7,"column":0},"end":{"line":7,"column":68}},"7":{"start":{"line":8,"column":0},"end":{"line":8,"column":23}},"8":{"start":{"line":9,"column":0},"end":{"line":9,"column":23}},"9":{"start":{"line":10,"column":0},"end":{"line":10,"column":11}},"10":{"start":{"line":11,"column":0},"end":{"line":11,"column":13}},"11":{"start":{"line":12,"column":0},"end":{"line":12,"column":29}},"12":{"start":{"line":13,"column":0},"end":{"line":13,"column":5}},"13":{"start":{"line":14,"column":0},"end":{"line":14,"column":10}},"14":{"start":{"line":15,"column":0},"end":{"line":15,"column":23}},"15":{"start":{"line":16,"column":0},"end":{"line":16,"column":2}},"16":{"start":{"line":17,"column":0},"end":{"line":17,"column":2}}},"s":{"0":1,"1":1,"2":1,"3":1,"4":1,"5":1,"6":1,"7":4,"8":4,"9":0,"10":0,"11":0,"12":0,"13":4,"14":4,"15":4,"16":1},"branchMap":{"0":{"type":"branch","line":7,"loc":{"start":{"line":7,"column":29},"end":{"line":17,"column":2}},"locations":[{"start":{"line":7,"column":29},"end":{"line":17,"column":2}}]},"1":{"type":"branch","line":9,"loc":{"start":{"line":9,"column":2},"end":{"line":13,"column":5}},"locations":[{"start":{"line":9,"column":2},"end":{"line":13,"column":5}}]},"2":{"type":"branch","line":17,"loc":{"start":{"line":17,"column":0},"end":{"line":17,"column":2}},"locations":[{"start":{"line":17,"column":0},"end":{"line":17,"column":2}}]}},"b":{"0":[4],"1":[0],"2":[1]},"fnMap":{"0":{"name":"boardReducer","decl":{"start":{"line":7,"column":29},"end":{"line":17,"column":2}},"loc":{"start":{"line":7,"column":29},"end":{"line":17,"column":2}},"line":7},"1":{"name":"get","decl":{"start":{"line":17,"column":0},"end":{"line":17,"column":2}},"loc":{"start":{"line":17,"column":0},"end":{"line":17,"column":2}},"line":17}},"f":{"0":4,"1":1}}
,"/Users/jeroenvanhattem/On Air/Code/Assessment/tic-tac-toe/src/redux/reducers/game.ts": {"path":"/Users/jeroenvanhattem/On Air/Code/Assessment/tic-tac-toe/src/redux/reducers/game.ts","all":false,"statementMap":{"0":{"start":{"line":1,"column":0},"end":{"line":1,"column":30}},"1":{"start":{"line":2,"column":0},"end":{"line":2,"column":0}},"2":{"start":{"line":3,"column":0},"end":{"line":3,"column":22}},"3":{"start":{"line":4,"column":0},"end":{"line":4,"column":19}},"4":{"start":{"line":5,"column":0},"end":{"line":5,"column":11}},"5":{"start":{"line":6,"column":0},"end":{"line":6,"column":15}},"6":{"start":{"line":7,"column":0},"end":{"line":7,"column":12}},"7":{"start":{"line":8,"column":0},"end":{"line":8,"column":16}},"8":{"start":{"line":9,"column":0},"end":{"line":9,"column":17}},"9":{"start":{"line":10,"column":0},"end":{"line":10,"column":8}},"10":{"start":{"line":11,"column":0},"end":{"line":11,"column":7}},"11":{"start":{"line":12,"column":0},"end":{"line":12,"column":7}},"12":{"start":{"line":13,"column":0},"end":{"line":13,"column":3}},"13":{"start":{"line":14,"column":0},"end":{"line":14,"column":2}},"14":{"start":{"line":15,"column":0},"end":{"line":15,"column":0}},"15":{"start":{"line":16,"column":0},"end":{"line":16,"column":67}},"16":{"start":{"line":17,"column":0},"end":{"line":17,"column":23}},"17":{"start":{"line":18,"column":0},"end":{"line":18,"column":26}},"18":{"start":{"line":19,"column":0},"end":{"line":19,"column":11}},"19":{"start":{"line":20,"column":0},"end":{"line":20,"column":13}},"20":{"start":{"line":21,"column":0},"end":{"line":21,"column":28}},"21":{"start":{"line":22,"column":0},"end":{"line":22,"column":5}},"22":{"start":{"line":23,"column":0},"end":{"line":23,"column":27}},"23":{"start":{"line":24,"column":0},"end":{"line":24,"column":11}},"24":{"start":{"line":25,"column":0},"end":{"line":25,"column":13}},"25":{"start":{"line":26,"column":0},"end":{"line":26,"column":33}},"26":{"start":{"line":27,"column":0},"end":{"line":27,"column":5}},"27":{"start":{"line":28,"column":0},"end":{"line":28,"column":18}},"28":{"start":{"line":29,"column":0},"end":{"line":29,"column":11}},"29":{"start":{"line":30,"column":0},"end":{"line":30,"column":13}},"30":{"start":{"line":31,"column":0},"end":{"line":31,"column":44}},"31":{"start":{"line":32,"column":0},"end":{"line":32,"column":5}},"32":{"start":{"line":33,"column":0},"end":{"line":33,"column":19}},"33":{"start":{"line":34,"column":0},"end":{"line":34,"column":11}},"34":{"start":{"line":35,"column":0},"end":{"line":35,"column":13}},"35":{"start":{"line":36,"column":0},"end":{"line":36,"column":20}},"36":{"start":{"line":37,"column":0},"end":{"line":37,"column":29}},"37":{"start":{"line":38,"column":0},"end":{"line":38,"column":52}},"38":{"start":{"line":39,"column":0},"end":{"line":39,"column":10}},"39":{"start":{"line":40,"column":0},"end":{"line":40,"column":29}},"40":{"start":{"line":41,"column":0},"end":{"line":41,"column":51}},"41":{"start":{"line":42,"column":0},"end":{"line":42,"column":10}},"42":{"start":{"line":43,"column":0},"end":{"line":43,"column":17}},"43":{"start":{"line":44,"column":0},"end":{"line":44,"column":27}},"44":{"start":{"line":45,"column":0},"end":{"line":45,"column":17}},"45":{"start":{"line":46,"column":0},"end":{"line":46,"column":27}},"46":{"start":{"line":47,"column":0},"end":{"line":47,"column":35}},"47":{"start":{"line":48,"column":0},"end":{"line":48,"column":12}},"48":{"start":{"line":49,"column":0},"end":{"line":49,"column":12}},"49":{"start":{"line":50,"column":0},"end":{"line":50,"column":27}},"50":{"start":{"line":51,"column":0},"end":{"line":51,"column":5}},"51":{"start":{"line":52,"column":0},"end":{"line":52,"column":20}},"52":{"start":{"line":53,"column":0},"end":{"line":53,"column":11}},"53":{"start":{"line":54,"column":0},"end":{"line":54,"column":13}},"54":{"start":{"line":55,"column":0},"end":{"line":55,"column":27}},"55":{"start":{"line":56,"column":0},"end":{"line":56,"column":19}},"56":{"start":{"line":57,"column":0},"end":{"line":57,"column":5}},"57":{"start":{"line":58,"column":0},"end":{"line":58,"column":20}},"58":{"start":{"line":59,"column":0},"end":{"line":59,"column":11}},"59":{"start":{"line":60,"column":0},"end":{"line":60,"column":13}},"60":{"start":{"line":61,"column":0},"end":{"line":61,"column":22}},"61":{"start":{"line":62,"column":0},"end":{"line":62,"column":14}},"62":{"start":{"line":63,"column":0},"end":{"line":63,"column":18}},"63":{"start":{"line":64,"column":0},"end":{"line":64,"column":20}},"64":{"start":{"line":65,"column":0},"end":{"line":65,"column":5}},"65":{"start":{"line":66,"column":0},"end":{"line":66,"column":17}},"66":{"start":{"line":67,"column":0},"end":{"line":67,"column":11}},"67":{"start":{"line":68,"column":0},"end":{"line":68,"column":13}},"68":{"start":{"line":69,"column":0},"end":{"line":69,"column":24}},"69":{"start":{"line":70,"column":0},"end":{"line":70,"column":5}},"70":{"start":{"line":71,"column":0},"end":{"line":71,"column":18}},"71":{"start":{"line":72,"column":0},"end":{"line":72,"column":11}},"72":{"start":{"line":73,"column":0},"end":{"line":73,"column":13}},"73":{"start":{"line":74,"column":0},"end":{"line":74,"column":25}},"74":{"start":{"line":75,"column":0},"end":{"line":75,"column":5}},"75":{"start":{"line":76,"column":0},"end":{"line":76,"column":20}},"76":{"start":{"line":77,"column":0},"end":{"line":77,"column":11}},"77":{"start":{"line":78,"column":0},"end":{"line":78,"column":13}},"78":{"start":{"line":79,"column":0},"end":{"line":79,"column":11}},"79":{"start":{"line":80,"column":0},"end":{"line":80,"column":10}},"80":{"start":{"line":81,"column":0},"end":{"line":81,"column":10}},"81":{"start":{"line":82,"column":0},"end":{"line":82,"column":6}},"82":{"start":{"line":83,"column":0},"end":{"line":83,"column":5}},"83":{"start":{"line":84,"column":0},"end":{"line":84,"column":22}},"84":{"start":{"line":85,"column":0},"end":{"line":85,"column":11}},"85":{"start":{"line":86,"column":0},"end":{"line":86,"column":13}},"86":{"start":{"line":87,"column":0},"end":{"line":87,"column":29}},"87":{"start":{"line":88,"column":0},"end":{"line":88,"column":5}},"88":{"start":{"line":89,"column":0},"end":{"line":89,"column":10}},"89":{"start":{"line":90,"column":0},"end":{"line":90,"column":23}},"90":{"start":{"line":91,"column":0},"end":{"line":91,"column":2}},"91":{"start":{"line":92,"column":0},"end":{"line":92,"column":2}}},"s":{"0":1,"1":1,"2":1,"3":1,"4":1,"5":1,"6":1,"7":1,"8":1,"9":1,"10":1,"11":1,"12":1,"13":1,"14":1,"15":1,"16":4,"17":4,"18":0,"19":0,"20":0,"21":0,"22":4,"23":0,"24":0,"25":0,"26":0,"27":4,"28":0,"29":0,"30":0,"31":0,"32":4,"33":0,"34":0,"35":0,"36":0,"37":0,"38":0,"39":0,"40":0,"41":0,"42":0,"43":0,"44":0,"45":0,"46":0,"47":0,"48":0,"49":0,"50":0,"51":4,"52":1,"53":1,"54":1,"55":1,"56":1,"57":4,"58":0,"59":0,"60":0,"61":0,"62":0,"63":0,"64":0,"65":4,"66":0,"67":0,"68":0,"69":0,"70":4,"71":0,"72":0,"73":0,"74":0,"75":4,"76":0,"77":0,"78":0,"79":0,"80":0,"81":0,"82":0,"83":4,"84":0,"85":0,"86":0,"87":0,"88":4,"89":3,"90":4,"91":1},"branchMap":{"0":{"type":"branch","line":16,"loc":{"start":{"line":16,"column":28},"end":{"line":92,"column":2}},"locations":[{"start":{"line":16,"column":28},"end":{"line":92,"column":2}}]},"1":{"type":"branch","line":18,"loc":{"start":{"line":18,"column":2},"end":{"line":22,"column":5}},"locations":[{"start":{"line":18,"column":2},"end":{"line":22,"column":5}}]},"2":{"type":"branch","line":23,"loc":{"start":{"line":23,"column":2},"end":{"line":27,"column":5}},"locations":[{"start":{"line":23,"column":2},"end":{"line":27,"column":5}}]},"3":{"type":"branch","line":28,"loc":{"start":{"line":28,"column":2},"end":{"line":32,"column":5}},"locations":[{"start":{"line":28,"column":2},"end":{"line":32,"column":5}}]},"4":{"type":"branch","line":33,"loc":{"start":{"line":33,"column":2},"end":{"line":51,"column":5}},"locations":[{"start":{"line":33,"column":2},"end":{"line":51,"column":5}}]},"5":{"type":"branch","line":52,"loc":{"start":{"line":52,"column":2},"end":{"line":57,"column":5}},"locations":[{"start":{"line":52,"column":2},"end":{"line":57,"column":5}}]},"6":{"type":"branch","line":58,"loc":{"start":{"line":58,"column":2},"end":{"line":65,"column":5}},"locations":[{"start":{"line":58,"column":2},"end":{"line":65,"column":5}}]},"7":{"type":"branch","line":66,"loc":{"start":{"line":66,"column":2},"end":{"line":70,"column":5}},"locations":[{"start":{"line":66,"column":2},"end":{"line":70,"column":5}}]},"8":{"type":"branch","line":71,"loc":{"start":{"line":71,"column":2},"end":{"line":75,"column":5}},"locations":[{"start":{"line":71,"column":2},"end":{"line":75,"column":5}}]},"9":{"type":"branch","line":76,"loc":{"start":{"line":76,"column":2},"end":{"line":83,"column":5}},"locations":[{"start":{"line":76,"column":2},"end":{"line":83,"column":5}}]},"10":{"type":"branch","line":84,"loc":{"start":{"line":84,"column":2},"end":{"line":88,"column":5}},"locations":[{"start":{"line":84,"column":2},"end":{"line":88,"column":5}}]},"11":{"type":"branch","line":89,"loc":{"start":{"line":89,"column":2},"end":{"line":90,"column":23}},"locations":[{"start":{"line":89,"column":2},"end":{"line":90,"column":23}}]},"12":{"type":"branch","line":92,"loc":{"start":{"line":92,"column":0},"end":{"line":92,"column":2}},"locations":[{"start":{"line":92,"column":0},"end":{"line":92,"column":2}}]}},"b":{"0":[4],"1":[0],"2":[0],"3":[0],"4":[0],"5":[1],"6":[0],"7":[0],"8":[0],"9":[0],"10":[0],"11":[3],"12":[1]},"fnMap":{"0":{"name":"gameReducer","decl":{"start":{"line":16,"column":28},"end":{"line":92,"column":2}},"loc":{"start":{"line":16,"column":28},"end":{"line":92,"column":2}},"line":16},"1":{"name":"get","decl":{"start":{"line":92,"column":0},"end":{"line":92,"column":2}},"loc":{"start":{"line":92,"column":0},"end":{"line":92,"column":2}},"line":92}},"f":{"0":4,"1":1}}
,"/Users/jeroenvanhattem/On Air/Code/Assessment/tic-tac-toe/src/redux/reducers/index.ts": {"path":"/Users/jeroenvanhattem/On Air/Code/Assessment/tic-tac-toe/src/redux/reducers/index.ts","all":false,"statementMap":{"0":{"start":{"line":1,"column":0},"end":{"line":1,"column":30}},"1":{"start":{"line":2,"column":0},"end":{"line":2,"column":23}},"2":{"start":{"line":3,"column":0},"end":{"line":3,"column":24}}},"s":{"0":1,"1":1,"2":1},"branchMap":{},"b":{},"fnMap":{},"f":{}}
,"/Users/jeroenvanhattem/On Air/Code/Assessment/tic-tac-toe/src/redux/reducers/rootReducer.ts": {"path":"/Users/jeroenvanhattem/On Air/Code/Assessment/tic-tac-toe/src/redux/reducers/rootReducer.ts","all":false,"statementMap":{"0":{"start":{"line":1,"column":0},"end":{"line":1,"column":40}},"1":{"start":{"line":2,"column":0},"end":{"line":2,"column":39}},"2":{"start":{"line":3,"column":0},"end":{"line":3,"column":37}},"3":{"start":{"line":4,"column":0},"end":{"line":4,"column":0}},"4":{"start":{"line":5,"column":0},"end":{"line":5,"column":44}},"5":{"start":{"line":6,"column":0},"end":{"line":6,"column":21}},"6":{"start":{"line":7,"column":0},"end":{"line":7,"column":19}},"7":{"start":{"line":8,"column":0},"end":{"line":8,"column":3}}},"s":{"0":1,"1":1,"2":1,"3":1,"4":1,"5":1,"6":1,"7":1},"branchMap":{"0":{"type":"branch","line":8,"loc":{"start":{"line":8,"column":1},"end":{"line":8,"column":3}},"locations":[{"start":{"line":8,"column":1},"end":{"line":8,"column":3}}]}},"b":{"0":[1]},"fnMap":{"0":{"name":"get","decl":{"start":{"line":8,"column":1},"end":{"line":8,"column":3}},"loc":{"start":{"line":8,"column":1},"end":{"line":8,"column":3}},"line":8}},"f":{"0":1}}
}
